

Started GET "/" for 10.0.2.2 at 2016-10-29 07:47:46 +0000
Processing by Rails::WelcomeController#index as HTML
  Rendered /home/vagrant/.rbenv/versions/2.0.0-p648/lib/ruby/gems/2.0.0/gems/railties-4.0.5/lib/rails/templates/rails/welcome/index.html.erb (1.9ms)
Completed 200 OK in 18ms (Views: 17.0ms | ActiveRecord: 0.0ms)


Started GET "/" for 10.0.2.2 at 2016-10-30 06:49:59 +0000
Processing by Rails::WelcomeController#index as HTML
  Rendered /home/vagrant/.rbenv/versions/2.0.0-p648/lib/ruby/gems/2.0.0/gems/railties-4.0.5/lib/rails/templates/rails/welcome/index.html.erb (37.2ms)
Completed 200 OK in 56ms (Views: 54.7ms | ActiveRecord: 0.0ms)


Started GET "/" for 10.0.2.2 at 2016-11-03 07:46:27 +0000
Processing by Rails::WelcomeController#index as HTML
  Rendered /home/vagrant/.rbenv/versions/2.0.0-p648/lib/ruby/gems/2.0.0/gems/railties-4.0.5/lib/rails/templates/rails/welcome/index.html.erb (31.5ms)
Completed 200 OK in 51ms (Views: 50.0ms | ActiveRecord: 0.0ms)


Started GET "/" for 127.0.0.1 at 2016-11-03 20:24:49 +0900
Processing by Rails::WelcomeController#index as HTML
  Rendered /Library/Ruby/Gems/2.0.0/gems/railties-4.0.5/lib/rails/templates/rails/welcome/index.html.erb (1.4ms)
Completed 200 OK in 8ms (Views: 7.1ms | ActiveRecord: 0.0ms)


Started GET "/" for 127.0.0.1 at 2016-11-03 20:25:13 +0900
Processing by Rails::WelcomeController#index as HTML
  Rendered /Library/Ruby/Gems/2.0.0/gems/railties-4.0.5/lib/rails/templates/rails/welcome/index.html.erb (1.2ms)
Completed 200 OK in 7ms (Views: 5.9ms | ActiveRecord: 0.0ms)
